# JRE version: OpenJDK Runtime Environment Temurin-17.0.10+7 (17.0.10+7) (build 17.0.10+7)
# Java VM: OpenJDK 64-Bit Server VM Temurin-17.0.10+7 (17.0.10+7, mixed mode, emulated-client, tiered, compressed oops, compressed class ptrs, g1 gc, windows-amd64)
GC Precious Log:
 CPUs: 8 total, 8 available
 Memory: 7778M
 Large Page Support: Disabled
 NUMA Support: Disabled
 Compressed Oops: Enabled (32-bit)
 Heap Region Size: 1M
 Heap Min Capacity: 8M
 Heap Initial Capacity: 122M
 Heap Max Capacity: 1G
 Pre-touch: Disabled
 Parallel Workers: 8
 Concurrent Workers: 2
 Concurrent Refinement Workers: 8
 Periodic GC: Disabled
Heap:
 garbage-first heap   total 75776K, used 24267K [0x00000000c0000000, 0x0000000100000000)
  region size 1024K, 1 young (1024K), 0 survivors (0K)
 Metaspace       used 38972K, committed 39424K, reserved 1114112K
  class space    used 5150K, committed 5376K, reserved 1048576K
GC Heap History (20 events):
Event: 98805.604 GC heap before
{Heap before GC invocations=170 (full 162):
 garbage-first heap   total 75776K, used 24267K [0x00000000c0000000, 0x0000000100000000)
  region size 1024K, 1 young (1024K), 0 survivors (0K)
 Metaspace       used 38972K, committed 39424K, reserved 1114112K
  class space    used 5150K, committed 5376K, reserved 1048576K
}
Event: 98805.651 GC heap after
{Heap after GC invocations=171 (full 163):
 garbage-first heap   total 75776K, used 24267K [0x00000000c0000000, 0x0000000100000000)
  region size 1024K, 0 young (0K), 0 survivors (0K)
 Metaspace       used 38972K, committed 39424K, reserved 1114112K
  class space    used 5150K, committed 5376K, reserved 1048576K
}
Event: 98817.153 GC heap before
{Heap before GC invocations=171 (full 163):
 garbage-first heap   total 75776K, used 24267K [0x00000000c0000000, 0x0000000100000000)
  region size 1024K, 1 young (1024K), 0 survivors (0K)
 Metaspace       used 38972K, committed 39424K, reserved 1114112K
  class space    used 5150K, committed 5376K, reserved 1048576K
}
Event: 98817.192 GC heap after
{Heap after GC invocations=172 (full 164):
 garbage-first heap   total 75776K, used 24267K [0x00000000c0000000, 0x0000000100000000)
  region size 1024K, 0 young (0K), 0 survivors (0K)
 Metaspace       used 38972K, committed 39424K, reserved 1114112K
  class space    used 5150K, committed 5376K, reserved 1048576K
}
Event: 98828.544 GC heap before
{Heap before GC invocations=172 (full 164):
 garbage-first heap   total 75776K, used 24267K [0x00000000c0000000, 0x0000000100000000)
  region size 1024K, 1 young (1024K), 0 survivors (0K)
 Metaspace       used 38972K, committed 39424K, reserved 1114112K
  class space    used 5150K, committed 5376K, reserved 1048576K
}
Event: 98828.577 GC heap after
{Heap after GC invocations=173 (full 165):
 garbage-first heap   total 75776K, used 24267K [0x00000000c0000000, 0x0000000100000000)
  region size 1024K, 0 young (0K), 0 survivors (0K)
 Metaspace       used 38972K, committed 39424K, reserved 1114112K
  class space    used 5150K, committed 5376K, reserved 1048576K
}
Event: 98840.054 GC heap before
{Heap before GC invocations=173 (full 165):
 garbage-first heap   total 75776K, used 24267K [0x00000000c0000000, 0x0000000100000000)
  region size 1024K, 1 young (1024K), 0 survivors (0K)
 Metaspace       used 38972K, committed 39424K, reserved 1114112K
  class space    used 5150K, committed 5376K, reserved 1048576K
}
Event: 98840.106 GC heap after
{Heap after GC invocations=174 (full 166):
 garbage-first heap   total 75776K, used 24267K [0x00000000c0000000, 0x0000000100000000)
  region size 1024K, 0 young (0K), 0 survivors (0K)
 Metaspace       used 38972K, committed 39424K, reserved 1114112K
  class space    used 5150K, committed 5376K, reserved 1048576K
}
Event: 98851.911 GC heap before
{Heap before GC invocations=174 (full 166):
 garbage-first heap   total 75776K, used 24267K [0x00000000c0000000, 0x0000000100000000)
  region size 1024K, 1 young (1024K), 0 survivors (0K)
 Metaspace       used 38972K, committed 39424K, reserved 1114112K
  class space    used 5150K, committed 5376K, reserved 1048576K
}
Event: 98851.960 GC heap after
{Heap after GC invocations=175 (full 167):
 garbage-first heap   total 75776K, used 24267K [0x00000000c0000000, 0x0000000100000000)
  region size 1024K, 0 young (0K), 0 survivors (0K)
 Metaspace       used 38972K, committed 39424K, reserved 1114112K
  class space    used 5150K, committed 5376K, reserved 1048576K
}
Event: 98863.288 GC heap before
{Heap before GC invocations=175 (full 167):
 garbage-first heap   total 75776K, used 24267K [0x00000000c0000000, 0x0000000100000000)
  region size 1024K, 1 young (1024K), 0 survivors (0K)
 Metaspace       used 38972K, committed 39424K, reserved 1114112K
  class space    used 5150K, committed 5376K, reserved 1048576K
}
Event: 98863.327 GC heap after
{Heap after GC invocations=176 (full 168):
 garbage-first heap   total 75776K, used 24267K [0x00000000c0000000, 0x0000000100000000)
  region size 1024K, 0 young (0K), 0 survivors (0K)
 Metaspace       used 38972K, committed 39424K, reserved 1114112K
  class space    used 5150K, committed 5376K, reserved 1048576K
}
Event: 98874.776 GC heap before
{Heap before GC invocations=176 (full 168):
 garbage-first heap   total 75776K, used 24267K [0x00000000c0000000, 0x0000000100000000)
  region size 1024K, 1 young (1024K), 0 survivors (0K)
 Metaspace       used 38972K, committed 39424K, reserved 1114112K
  class space    used 5150K, committed 5376K, reserved 1048576K
}
Event: 98874.830 GC heap after
{Heap after GC invocations=177 (full 169):
 garbage-first heap   total 75776K, used 24267K [0x00000000c0000000, 0x0000000100000000)
  region size 1024K, 0 young (0K), 0 survivors (0K)
 Metaspace       used 38972K, committed 39424K, reserved 1114112K
  class space    used 5150K, committed 5376K, reserved 1048576K
}
Event: 98886.138 GC heap before
{Heap before GC invocations=177 (full 169):
 garbage-first heap   total 75776K, used 24267K [0x00000000c0000000, 0x0000000100000000)
  region size 1024K, 1 young (1024K), 0 survivors (0K)
 Metaspace       used 38972K, committed 39424K, reserved 1114112K
  class space    used 5150K, committed 5376K, reserved 1048576K
}
Event: 98886.172 GC heap after
{Heap after GC invocations=178 (full 170):
 garbage-first heap   total 75776K, used 24267K [0x00000000c0000000, 0x0000000100000000)
  region size 1024K, 0 young (0K), 0 survivors (0K)
 Metaspace       used 38972K, committed 39424K, reserved 1114112K
  class space    used 5150K, committed 5376K, reserved 1048576K
}
Event: 98897.812 GC heap before
{Heap before GC invocations=178 (full 170):
 garbage-first heap   total 75776K, used 24267K [0x00000000c0000000, 0x0000000100000000)
  region size 1024K, 1 young (1024K), 0 survivors (0K)
 Metaspace       used 38972K, committed 39424K, reserved 1114112K
  class space    used 5150K, committed 5376K, reserved 1048576K
}
Event: 98897.852 GC heap after
{Heap after GC invocations=179 (full 171):
 garbage-first heap   total 75776K, used 24267K [0x00000000c0000000, 0x0000000100000000)
  region size 1024K, 0 young (0K), 0 survivors (0K)
 Metaspace       used 38972K, committed 39424K, reserved 1114112K
  class space    used 5150K, committed 5376K, reserved 1048576K
}
Event: 98909.412 GC heap before
{Heap before GC invocations=179 (full 171):
 garbage-first heap   total 75776K, used 24267K [0x00000000c0000000, 0x0000000100000000)
  region size 1024K, 1 young (1024K), 0 survivors (0K)
 Metaspace       used 38972K, committed 39424K, reserved 1114112K
  class space    used 5150K, committed 5376K, reserved 1048576K
}
Event: 98909.450 GC heap after
{Heap after GC invocations=180 (full 172):
 garbage-first heap   total 75776K, used 24267K [0x00000000c0000000, 0x0000000100000000)
  region size 1024K, 0 young (0K), 0 survivors (0K)
 Metaspace       used 38972K, committed 39424K, reserved 1114112K
  class space    used 5150K, committed 5376K, reserved 1048576K
}

